Arguments: 
  /Users/luca/.nvm/versions/node/v14.17.4/bin/node /Users/luca/.nvm/versions/node/v14.17.4/bin/yarn add express morgan

PATH: 
  /Users/luca/Downloads/google-cloud-sdk/bin:/Users/luca/.nvm/versions/node/v14.17.4/bin:/Library/Frameworks/Python.framework/Versions/3.9/bin:/usr/local/bin:/usr/local/sbin:/usr/bin:/bin:/usr/sbin:/sbin:/usr/local/go/bin

Yarn version: 
  1.22.11

Node version: 
  14.17.4

Platform: 
  darwin x64

Trace: 
  Error: getaddrinfo ENOTFOUND registry.yarnpkg.com
      at GetAddrInfoReqWrap.onlookup [as oncomplete] (dns.js:69:26)

npm manifest: 
  {
    "name": "terraform-aws-node",
    "version": "1.0.0",
    "main": "index.js",
    "license": "MIT"
  }

yarn manifest: 
  No manifest

Lockfile: 
  No lockfile
